INFO  24-03-24 15:22:21[SpringApplicationShutdownHook] [LocalContainerEntityManagerFactoryBean:650] - Closing JPA EntityManagerFactory for persistence unit 'default'
INFO  24-03-24 15:22:21[SpringApplicationShutdownHook] [HikariDataSource:350] - HikariPool-1 - Shutdown initiated...
INFO  24-03-24 15:22:21[SpringApplicationShutdownHook] [HikariDataSource:352] - HikariPool-1 - Shutdown completed.
INFO  24-03-24 16:14:14[background-preinit] [Version:21] - HV000001: Hibernate Validator 8.0.1.Final
INFO  24-03-24 16:14:14[main] [GraduationProjectApplication:50] - Starting GraduationProjectApplication using Java 19.0.1 with PID 26042 (/Users/kk/Desktop/졸업작품/BackEnd/build/classes/java/main started by kk in /Users/kk/Desktop/졸업작품/BackEnd)
INFO  24-03-24 16:14:14[main] [GraduationProjectApplication:654] - No active profile set, falling back to 1 default profile: "default"
INFO  24-03-24 16:14:15[main] [RepositoryConfigurationDelegate:292] - Multiple Spring Data modules found, entering strict repository configuration mode
INFO  24-03-24 16:14:15[main] [RepositoryConfigurationDelegate:139] - Bootstrapping Spring Data JPA repositories in DEFAULT mode.
INFO  24-03-24 16:14:16[main] [RepositoryConfigurationDelegate:208] - Finished Spring Data repository scanning in 263 ms. Found 1 JPA repository interface.
INFO  24-03-24 16:14:16[main] [RepositoryConfigurationDelegate:292] - Multiple Spring Data modules found, entering strict repository configuration mode
INFO  24-03-24 16:14:16[main] [RepositoryConfigurationDelegate:139] - Bootstrapping Spring Data Redis repositories in DEFAULT mode.
INFO  24-03-24 16:14:16[main] [RepositoryConfigurationExtensionSupport:320] - Spring Data Redis - Could not safely identify store assignment for repository candidate interface Hoseo.GraduationProject.Member.Repository.MemberRepository; If you want this repository to be a Redis repository, consider annotating your entities with one of these annotations: org.springframework.data.redis.core.RedisHash (preferred), or consider extending one of the following types with your repository: org.springframework.data.keyvalue.repository.KeyValueRepository
INFO  24-03-24 16:14:16[main] [RepositoryConfigurationDelegate:208] - Finished Spring Data repository scanning in 15 ms. Found 0 Redis repository interfaces.
INFO  24-03-24 16:14:17[main] [TomcatWebServer:109] - Tomcat initialized with port 8080 (http)
INFO  24-03-24 16:14:17[main] [Http11NioProtocol:173] - Initializing ProtocolHandler ["http-nio-8080"]
INFO  24-03-24 16:14:17[main] [StandardService:173] - Starting service [Tomcat]
INFO  24-03-24 16:14:17[main] [StandardEngine:173] - Starting Servlet engine: [Apache Tomcat/10.1.19]
INFO  24-03-24 16:14:17[main] [[/]:173] - Initializing Spring embedded WebApplicationContext
INFO  24-03-24 16:14:17[main] [ServletWebServerApplicationContext:296] - Root WebApplicationContext: initialization completed in 2552 ms
INFO  24-03-24 16:14:17[main] [LogHelper:31] - HHH000204: Processing PersistenceUnitInfo [name: default]
INFO  24-03-24 16:14:17[main] [Version:44] - HHH000412: Hibernate ORM core version 6.4.4.Final
INFO  24-03-24 16:14:17[main] [RegionFactoryInitiator:50] - HHH000026: Second-level cache disabled
INFO  24-03-24 16:14:18[main] [SpringPersistenceUnitInfo:87] - No LoadTimeWeaver setup: ignoring JPA class transformer
INFO  24-03-24 16:14:18[main] [HikariDataSource:110] - HikariPool-1 - Starting...
INFO  24-03-24 16:14:18[main] [HikariPool:565] - HikariPool-1 - Added connection com.mysql.cj.jdbc.ConnectionImpl@11bfd751
INFO  24-03-24 16:14:18[main] [HikariDataSource:123] - HikariPool-1 - Start completed.
WARN  24-03-24 16:14:18[main] [deprecation:153] - HHH90000025: MySQLDialect does not need to be specified explicitly using 'hibernate.dialect' (remove the property setting and it will be selected by default)
INFO  24-03-24 16:14:20[main] [JtaPlatformInitiator:58] - HHH000489: No JTA platform available (set 'hibernate.transaction.jta.platform' to enable JTA platform integration)
INFO  24-03-24 16:14:20[main] [LocalContainerEntityManagerFactoryBean:437] - Initialized JPA EntityManagerFactory for persistence unit 'default'
WARN  24-03-24 16:14:21[main] [JpaBaseConfiguration$JpaWebConfiguration:232] - spring.jpa.open-in-view is enabled by default. Therefore, database queries may be performed during view rendering. Explicitly configure spring.jpa.open-in-view to disable this warning
INFO  24-03-24 16:14:21[main] [DefaultSecurityFilterChain:54] - Will secure any request with [org.springframework.security.web.session.DisableEncodeUrlFilter@35c69e6b, org.springframework.security.web.context.request.async.WebAsyncManagerIntegrationFilter@78e386a5, org.springframework.security.web.context.SecurityContextHolderFilter@3284f91f, org.springframework.security.web.header.HeaderWriterFilter@5d7f4cbb, org.springframework.web.filter.CorsFilter@6138ee0e, Hoseo.GraduationProject.Security.Logout.CustomLogoutFilter@2c40e456, org.springframework.security.web.authentication.logout.LogoutFilter@adb15df, Hoseo.GraduationProject.Security.JWT.JWTFilter@2df40273, Hoseo.GraduationProject.Security.JWT.LoginFilter@49467fc6, org.springframework.security.web.savedrequest.RequestCacheAwareFilter@77e4ffe5, org.springframework.security.web.servletapi.SecurityContextHolderAwareRequestFilter@59bf79f3, org.springframework.security.web.authentication.AnonymousAuthenticationFilter@6f28a07e, org.springframework.security.web.session.SessionManagementFilter@5e7fc012, org.springframework.security.web.access.ExceptionTranslationFilter@6c7bc8ac, org.springframework.security.web.access.intercept.AuthorizationFilter@2edc6690]
INFO  24-03-24 16:14:21[main] [Http11NioProtocol:173] - Starting ProtocolHandler ["http-nio-8080"]
INFO  24-03-24 16:14:21[main] [TomcatWebServer:241] - Tomcat started on port 8080 (http) with context path ''
INFO  24-03-24 16:14:22[main] [GraduationProjectApplication:56] - Started GraduationProjectApplication in 8.155 seconds (process running for 8.742)
INFO  24-03-24 16:14:27[http-nio-8080-exec-1] [[/]:173] - Initializing Spring DispatcherServlet 'dispatcherServlet'
INFO  24-03-24 16:14:27[http-nio-8080-exec-1] [DispatcherServlet:532] - Initializing Servlet 'dispatcherServlet'
INFO  24-03-24 16:14:27[http-nio-8080-exec-1] [DispatcherServlet:554] - Completed initialization in 1 ms
ERROR 24-03-24 16:14:33[http-nio-8080-exec-4] [[dispatcherServlet]:175] - Servlet.service() for servlet [dispatcherServlet] in context with path [] threw exception
org.springframework.data.redis.RedisConnectionFailureException: Unable to connect to Redis
	at org.springframework.data.redis.connection.lettuce.LettuceConnectionFactory$ExceptionTranslatingConnectionProvider.translateException(LettuceConnectionFactory.java:1795)
	at org.springframework.data.redis.connection.lettuce.LettuceConnectionFactory$ExceptionTranslatingConnectionProvider.getConnection(LettuceConnectionFactory.java:1726)
	at org.springframework.data.redis.connection.lettuce.LettuceConnectionFactory$SharedConnection.getNativeConnection(LettuceConnectionFactory.java:1528)
	at org.springframework.data.redis.connection.lettuce.LettuceConnectionFactory$SharedConnection.lambda$getConnection$0(LettuceConnectionFactory.java:1508)
	at org.springframework.data.redis.connection.lettuce.LettuceConnectionFactory.doInLock(LettuceConnectionFactory.java:1469)
	at org.springframework.data.redis.connection.lettuce.LettuceConnectionFactory$SharedConnection.getConnection(LettuceConnectionFactory.java:1505)
	at org.springframework.data.redis.connection.lettuce.LettuceConnectionFactory.getSharedConnection(LettuceConnectionFactory.java:1191)
	at org.springframework.data.redis.connection.lettuce.LettuceConnectionFactory.getConnection(LettuceConnectionFactory.java:997)
	at org.springframework.data.redis.core.RedisConnectionUtils.fetchConnection(RedisConnectionUtils.java:194)
	at org.springframework.data.redis.core.RedisConnectionUtils.doGetConnection(RedisConnectionUtils.java:143)
	at org.springframework.data.redis.core.RedisConnectionUtils.getConnection(RedisConnectionUtils.java:104)
	at org.springframework.data.redis.core.RedisTemplate.execute(RedisTemplate.java:383)
	at org.springframework.data.redis.core.RedisTemplate.execute(RedisTemplate.java:363)
	at org.springframework.data.redis.core.AbstractOperations.execute(AbstractOperations.java:97)
	at org.springframework.data.redis.core.DefaultValueOperations.set(DefaultValueOperations.java:237)
	at Hoseo.GraduationProject.Security.Redis.RefreshTokenRepository.save(RefreshTokenRepository.java:22)
	at java.base/jdk.internal.reflect.DirectMethodHandleAccessor.invoke(DirectMethodHandleAccessor.java:104)
	at java.base/java.lang.reflect.Method.invoke(Method.java:578)
	at org.springframework.aop.support.AopUtils.invokeJoinpointUsingReflection(AopUtils.java:351)
	at org.springframework.aop.framework.ReflectiveMethodInvocation.invokeJoinpoint(ReflectiveMethodInvocation.java:196)
	at org.springframework.aop.framework.ReflectiveMethodInvocation.proceed(ReflectiveMethodInvocation.java:163)
	at org.springframework.aop.framework.CglibAopProxy$CglibMethodInvocation.proceed(CglibAopProxy.java:765)
	at org.springframework.dao.support.PersistenceExceptionTranslationInterceptor.invoke(PersistenceExceptionTranslationInterceptor.java:137)
	at org.springframework.aop.framework.ReflectiveMethodInvocation.proceed(ReflectiveMethodInvocation.java:184)
	at org.springframework.aop.framework.CglibAopProxy$CglibMethodInvocation.proceed(CglibAopProxy.java:765)
	at org.springframework.aop.framework.CglibAopProxy$DynamicAdvisedInterceptor.intercept(CglibAopProxy.java:717)
	at Hoseo.GraduationProject.Security.Redis.RefreshTokenRepository$$SpringCGLIB$$0.save(<generated>)
	at Hoseo.GraduationProject.Security.JWT.LoginFilter.successfulAuthentication(LoginFilter.java:97)
	at org.springframework.security.web.authentication.AbstractAuthenticationProcessingFilter.doFilter(AbstractAuthenticationProcessingFilter.java:241)
	at org.springframework.security.web.authentication.AbstractAuthenticationProcessingFilter.doFilter(AbstractAuthenticationProcessingFilter.java:221)
	at org.springframework.security.web.FilterChainProxy$VirtualFilterChain.doFilter(FilterChainProxy.java:374)
	at Hoseo.GraduationProject.Security.JWT.JWTFilter.doFilterInternal(JWTFilter.java:32)
	at org.springframework.web.filter.OncePerRequestFilter.doFilter(OncePerRequestFilter.java:116)
	at org.springframework.security.web.FilterChainProxy$VirtualFilterChain.doFilter(FilterChainProxy.java:374)
	at org.springframework.security.web.authentication.logout.LogoutFilter.doFilter(LogoutFilter.java:107)
	at org.springframework.security.web.authentication.logout.LogoutFilter.doFilter(LogoutFilter.java:93)
	at org.springframework.security.web.FilterChainProxy$VirtualFilterChain.doFilter(FilterChainProxy.java:374)
	at Hoseo.GraduationProject.Security.Logout.CustomLogoutFilter.doFilter(CustomLogoutFilter.java:41)
	at Hoseo.GraduationProject.Security.Logout.CustomLogoutFilter.doFilter(CustomLogoutFilter.java:32)
	at org.springframework.security.web.FilterChainProxy$VirtualFilterChain.doFilter(FilterChainProxy.java:374)
	at org.springframework.web.filter.CorsFilter.doFilterInternal(CorsFilter.java:91)
	at org.springframework.web.filter.OncePerRequestFilter.doFilter(OncePerRequestFilter.java:116)
	at org.springframework.security.web.FilterChainProxy$VirtualFilterChain.doFilter(FilterChainProxy.java:374)
	at org.springframework.security.web.header.HeaderWriterFilter.doHeadersAfter(HeaderWriterFilter.java:90)
	at org.springframework.security.web.header.HeaderWriterFilter.doFilterInternal(HeaderWriterFilter.java:75)
	at org.springframework.web.filter.OncePerRequestFilter.doFilter(OncePerRequestFilter.java:116)
	at org.springframework.security.web.FilterChainProxy$VirtualFilterChain.doFilter(FilterChainProxy.java:374)
	at org.springframework.security.web.context.SecurityContextHolderFilter.doFilter(SecurityContextHolderFilter.java:82)
	at org.springframework.security.web.context.SecurityContextHolderFilter.doFilter(SecurityContextHolderFilter.java:69)
	at org.springframework.security.web.FilterChainProxy$VirtualFilterChain.doFilter(FilterChainProxy.java:374)
	at org.springframework.security.web.context.request.async.WebAsyncManagerIntegrationFilter.doFilterInternal(WebAsyncManagerIntegrationFilter.java:62)
	at org.springframework.web.filter.OncePerRequestFilter.doFilter(OncePerRequestFilter.java:116)
	at org.springframework.security.web.FilterChainProxy$VirtualFilterChain.doFilter(FilterChainProxy.java:374)
	at org.springframework.security.web.session.DisableEncodeUrlFilter.doFilterInternal(DisableEncodeUrlFilter.java:42)
	at org.springframework.web.filter.OncePerRequestFilter.doFilter(OncePerRequestFilter.java:116)
	at org.springframework.security.web.FilterChainProxy$VirtualFilterChain.doFilter(FilterChainProxy.java:374)
	at org.springframework.security.web.FilterChainProxy.doFilterInternal(FilterChainProxy.java:233)
	at org.springframework.security.web.FilterChainProxy.doFilter(FilterChainProxy.java:191)
	at org.springframework.web.filter.CompositeFilter$VirtualFilterChain.doFilter(CompositeFilter.java:113)
	at org.springframework.web.servlet.handler.HandlerMappingIntrospector.lambda$createCacheFilter$3(HandlerMappingIntrospector.java:195)
	at org.springframework.web.filter.CompositeFilter$VirtualFilterChain.doFilter(CompositeFilter.java:113)
	at org.springframework.web.filter.CompositeFilter.doFilter(CompositeFilter.java:74)
	at org.springframework.security.config.annotation.web.configuration.WebMvcSecurityConfiguration$CompositeFilterChainProxy.doFilter(WebMvcSecurityConfiguration.java:230)
	at org.springframework.web.filter.DelegatingFilterProxy.invokeDelegate(DelegatingFilterProxy.java:352)
	at org.springframework.web.filter.DelegatingFilterProxy.doFilter(DelegatingFilterProxy.java:268)
	at org.apache.catalina.core.ApplicationFilterChain.internalDoFilter(ApplicationFilterChain.java:174)
	at org.apache.catalina.core.ApplicationFilterChain.doFilter(ApplicationFilterChain.java:149)
	at org.springframework.web.filter.RequestContextFilter.doFilterInternal(RequestContextFilter.java:100)
	at org.springframework.web.filter.OncePerRequestFilter.doFilter(OncePerRequestFilter.java:116)
	at org.apache.catalina.core.ApplicationFilterChain.internalDoFilter(ApplicationFilterChain.java:174)
	at org.apache.catalina.core.ApplicationFilterChain.doFilter(ApplicationFilterChain.java:149)
	at org.springframework.web.filter.FormContentFilter.doFilterInternal(FormContentFilter.java:93)
	at org.springframework.web.filter.OncePerRequestFilter.doFilter(OncePerRequestFilter.java:116)
	at org.apache.catalina.core.ApplicationFilterChain.internalDoFilter(ApplicationFilterChain.java:174)
	at org.apache.catalina.core.ApplicationFilterChain.doFilter(ApplicationFilterChain.java:149)
	at org.springframework.web.filter.CharacterEncodingFilter.doFilterInternal(CharacterEncodingFilter.java:201)
	at org.springframework.web.filter.OncePerRequestFilter.doFilter(OncePerRequestFilter.java:116)
	at org.apache.catalina.core.ApplicationFilterChain.internalDoFilter(ApplicationFilterChain.java:174)
	at org.apache.catalina.core.ApplicationFilterChain.doFilter(ApplicationFilterChain.java:149)
	at org.apache.catalina.core.StandardWrapperValve.invoke(StandardWrapperValve.java:167)
	at org.apache.catalina.core.StandardContextValve.invoke(StandardContextValve.java:90)
	at org.apache.catalina.authenticator.AuthenticatorBase.invoke(AuthenticatorBase.java:482)
	at org.apache.catalina.core.StandardHostValve.invoke(StandardHostValve.java:115)
	at org.apache.catalina.valves.ErrorReportValve.invoke(ErrorReportValve.java:93)
	at org.apache.catalina.core.StandardEngineValve.invoke(StandardEngineValve.java:74)
	at org.apache.catalina.connector.CoyoteAdapter.service(CoyoteAdapter.java:344)
	at org.apache.coyote.http11.Http11Processor.service(Http11Processor.java:391)
	at org.apache.coyote.AbstractProcessorLight.process(AbstractProcessorLight.java:63)
	at org.apache.coyote.AbstractProtocol$ConnectionHandler.process(AbstractProtocol.java:896)
	at org.apache.tomcat.util.net.NioEndpoint$SocketProcessor.doRun(NioEndpoint.java:1744)
	at org.apache.tomcat.util.net.SocketProcessorBase.run(SocketProcessorBase.java:52)
	at org.apache.tomcat.util.threads.ThreadPoolExecutor.runWorker(ThreadPoolExecutor.java:1191)
	at org.apache.tomcat.util.threads.ThreadPoolExecutor$Worker.run(ThreadPoolExecutor.java:659)
	at org.apache.tomcat.util.threads.TaskThread$WrappingRunnable.run(TaskThread.java:63)
	at java.base/java.lang.Thread.run(Thread.java:1589)
Caused by: io.lettuce.core.RedisConnectionException: Unable to connect to localhost/<unresolved>:6379
	at io.lettuce.core.RedisConnectionException.create(RedisConnectionException.java:78)
	at io.lettuce.core.RedisConnectionException.create(RedisConnectionException.java:56)
	at io.lettuce.core.AbstractRedisClient.getConnection(AbstractRedisClient.java:350)
	at io.lettuce.core.RedisClient.connect(RedisClient.java:215)
	at org.springframework.data.redis.connection.lettuce.StandaloneConnectionProvider.lambda$getConnection$1(StandaloneConnectionProvider.java:112)
	at java.base/java.util.Optional.orElseGet(Optional.java:364)
	at org.springframework.data.redis.connection.lettuce.StandaloneConnectionProvider.getConnection(StandaloneConnectionProvider.java:112)
	at org.springframework.data.redis.connection.lettuce.LettuceConnectionFactory$ExceptionTranslatingConnectionProvider.getConnection(LettuceConnectionFactory.java:1724)
	... 93 common frames omitted
Caused by: io.netty.channel.AbstractChannel$AnnotatedConnectException: Connection refused: localhost/127.0.0.1:6379
Caused by: java.net.ConnectException: Connection refused
	at java.base/sun.nio.ch.Net.pollConnect(Native Method)
	at java.base/sun.nio.ch.Net.pollConnectNow(Net.java:672)
	at java.base/sun.nio.ch.SocketChannelImpl.finishConnect(SocketChannelImpl.java:973)
	at io.netty.channel.socket.nio.NioSocketChannel.doFinishConnect(NioSocketChannel.java:337)
	at io.netty.channel.nio.AbstractNioChannel$AbstractNioUnsafe.finishConnect(AbstractNioChannel.java:335)
	at io.netty.channel.nio.NioEventLoop.processSelectedKey(NioEventLoop.java:776)
	at io.netty.channel.nio.NioEventLoop.processSelectedKeysOptimized(NioEventLoop.java:724)
	at io.netty.channel.nio.NioEventLoop.processSelectedKeys(NioEventLoop.java:650)
	at io.netty.channel.nio.NioEventLoop.run(NioEventLoop.java:562)
	at io.netty.util.concurrent.SingleThreadEventExecutor$4.run(SingleThreadEventExecutor.java:997)
	at io.netty.util.internal.ThreadExecutorMap$2.run(ThreadExecutorMap.java:74)
	at io.netty.util.concurrent.FastThreadLocalRunnable.run(FastThreadLocalRunnable.java:30)
	at java.base/java.lang.Thread.run(Thread.java:1589)
INFO  24-03-24 16:16:28[SpringApplicationShutdownHook] [LocalContainerEntityManagerFactoryBean:650] - Closing JPA EntityManagerFactory for persistence unit 'default'
INFO  24-03-24 16:16:28[SpringApplicationShutdownHook] [HikariDataSource:350] - HikariPool-1 - Shutdown initiated...
INFO  24-03-24 16:16:28[SpringApplicationShutdownHook] [HikariDataSource:352] - HikariPool-1 - Shutdown completed.
INFO  24-03-24 16:16:32[background-preinit] [Version:21] - HV000001: Hibernate Validator 8.0.1.Final
INFO  24-03-24 16:16:32[main] [GraduationProjectApplication:50] - Starting GraduationProjectApplication using Java 19.0.1 with PID 26372 (/Users/kk/Desktop/졸업작품/BackEnd/build/classes/java/main started by kk in /Users/kk/Desktop/졸업작품/BackEnd)
INFO  24-03-24 16:16:32[main] [GraduationProjectApplication:654] - No active profile set, falling back to 1 default profile: "default"
INFO  24-03-24 16:16:33[main] [RepositoryConfigurationDelegate:292] - Multiple Spring Data modules found, entering strict repository configuration mode
INFO  24-03-24 16:16:33[main] [RepositoryConfigurationDelegate:139] - Bootstrapping Spring Data JPA repositories in DEFAULT mode.
INFO  24-03-24 16:16:33[main] [RepositoryConfigurationDelegate:208] - Finished Spring Data repository scanning in 234 ms. Found 1 JPA repository interface.
INFO  24-03-24 16:16:33[main] [RepositoryConfigurationDelegate:292] - Multiple Spring Data modules found, entering strict repository configuration mode
INFO  24-03-24 16:16:33[main] [RepositoryConfigurationDelegate:139] - Bootstrapping Spring Data Redis repositories in DEFAULT mode.
INFO  24-03-24 16:16:33[main] [RepositoryConfigurationExtensionSupport:320] - Spring Data Redis - Could not safely identify store assignment for repository candidate interface Hoseo.GraduationProject.Member.Repository.MemberRepository; If you want this repository to be a Redis repository, consider annotating your entities with one of these annotations: org.springframework.data.redis.core.RedisHash (preferred), or consider extending one of the following types with your repository: org.springframework.data.keyvalue.repository.KeyValueRepository
INFO  24-03-24 16:16:33[main] [RepositoryConfigurationDelegate:208] - Finished Spring Data repository scanning in 13 ms. Found 0 Redis repository interfaces.
INFO  24-03-24 16:16:34[main] [TomcatWebServer:109] - Tomcat initialized with port 8080 (http)
INFO  24-03-24 16:16:34[main] [Http11NioProtocol:173] - Initializing ProtocolHandler ["http-nio-8080"]
INFO  24-03-24 16:16:34[main] [StandardService:173] - Starting service [Tomcat]
INFO  24-03-24 16:16:34[main] [StandardEngine:173] - Starting Servlet engine: [Apache Tomcat/10.1.19]
INFO  24-03-24 16:16:34[main] [[/]:173] - Initializing Spring embedded WebApplicationContext
INFO  24-03-24 16:16:34[main] [ServletWebServerApplicationContext:296] - Root WebApplicationContext: initialization completed in 2334 ms
INFO  24-03-24 16:16:34[main] [LogHelper:31] - HHH000204: Processing PersistenceUnitInfo [name: default]
INFO  24-03-24 16:16:34[main] [Version:44] - HHH000412: Hibernate ORM core version 6.4.4.Final
INFO  24-03-24 16:16:34[main] [RegionFactoryInitiator:50] - HHH000026: Second-level cache disabled
INFO  24-03-24 16:16:35[main] [SpringPersistenceUnitInfo:87] - No LoadTimeWeaver setup: ignoring JPA class transformer
INFO  24-03-24 16:16:35[main] [HikariDataSource:110] - HikariPool-1 - Starting...
INFO  24-03-24 16:16:35[main] [HikariPool:565] - HikariPool-1 - Added connection com.mysql.cj.jdbc.ConnectionImpl@1f1fbc9f
INFO  24-03-24 16:16:35[main] [HikariDataSource:123] - HikariPool-1 - Start completed.
WARN  24-03-24 16:16:35[main] [deprecation:153] - HHH90000025: MySQLDialect does not need to be specified explicitly using 'hibernate.dialect' (remove the property setting and it will be selected by default)
INFO  24-03-24 16:16:36[main] [JtaPlatformInitiator:58] - HHH000489: No JTA platform available (set 'hibernate.transaction.jta.platform' to enable JTA platform integration)
INFO  24-03-24 16:16:36[main] [LocalContainerEntityManagerFactoryBean:437] - Initialized JPA EntityManagerFactory for persistence unit 'default'
WARN  24-03-24 16:16:38[main] [JpaBaseConfiguration$JpaWebConfiguration:232] - spring.jpa.open-in-view is enabled by default. Therefore, database queries may be performed during view rendering. Explicitly configure spring.jpa.open-in-view to disable this warning
INFO  24-03-24 16:16:38[main] [DefaultSecurityFilterChain:54] - Will secure any request with [org.springframework.security.web.session.DisableEncodeUrlFilter@2df40273, org.springframework.security.web.context.request.async.WebAsyncManagerIntegrationFilter@49467fc6, org.springframework.security.web.context.SecurityContextHolderFilter@4c663fda, org.springframework.security.web.header.HeaderWriterFilter@445d4517, org.springframework.web.filter.CorsFilter@6f28a07e, Hoseo.GraduationProject.Security.Logout.CustomLogoutFilter@44e19b99, org.springframework.security.web.authentication.logout.LogoutFilter@4f378d7e, Hoseo.GraduationProject.Security.JWT.JWTFilter@498bfeec, Hoseo.GraduationProject.Security.JWT.LoginFilter@33490054, org.springframework.security.web.savedrequest.RequestCacheAwareFilter@50ba19df, org.springframework.security.web.servletapi.SecurityContextHolderAwareRequestFilter@726882da, org.springframework.security.web.authentication.AnonymousAuthenticationFilter@19487d13, org.springframework.security.web.session.SessionManagementFilter@125bc00d, org.springframework.security.web.access.ExceptionTranslationFilter@5e7fc012, org.springframework.security.web.access.intercept.AuthorizationFilter@78e386a5]
INFO  24-03-24 16:16:38[main] [Http11NioProtocol:173] - Starting ProtocolHandler ["http-nio-8080"]
INFO  24-03-24 16:16:38[main] [TomcatWebServer:241] - Tomcat started on port 8080 (http) with context path ''
INFO  24-03-24 16:16:38[main] [GraduationProjectApplication:56] - Started GraduationProjectApplication in 7.559 seconds (process running for 8.104)
INFO  24-03-24 16:16:43[http-nio-8080-exec-2] [[/]:173] - Initializing Spring DispatcherServlet 'dispatcherServlet'
INFO  24-03-24 16:16:43[http-nio-8080-exec-2] [DispatcherServlet:532] - Initializing Servlet 'dispatcherServlet'
INFO  24-03-24 16:16:43[http-nio-8080-exec-2] [DispatcherServlet:554] - Completed initialization in 1 ms
INFO  24-03-24 16:18:19[SpringApplicationShutdownHook] [LocalContainerEntityManagerFactoryBean:650] - Closing JPA EntityManagerFactory for persistence unit 'default'
INFO  24-03-24 16:18:19[SpringApplicationShutdownHook] [HikariDataSource:350] - HikariPool-1 - Shutdown initiated...
INFO  24-03-24 16:18:19[SpringApplicationShutdownHook] [HikariDataSource:352] - HikariPool-1 - Shutdown completed.
INFO  24-03-24 16:18:23[background-preinit] [Version:21] - HV000001: Hibernate Validator 8.0.1.Final
INFO  24-03-24 16:18:23[main] [GraduationProjectApplication:50] - Starting GraduationProjectApplication using Java 19.0.1 with PID 26496 (/Users/kk/Desktop/졸업작품/BackEnd/build/classes/java/main started by kk in /Users/kk/Desktop/졸업작품/BackEnd)
INFO  24-03-24 16:18:23[main] [GraduationProjectApplication:654] - No active profile set, falling back to 1 default profile: "default"
INFO  24-03-24 16:18:24[main] [RepositoryConfigurationDelegate:292] - Multiple Spring Data modules found, entering strict repository configuration mode
INFO  24-03-24 16:18:24[main] [RepositoryConfigurationDelegate:139] - Bootstrapping Spring Data JPA repositories in DEFAULT mode.
INFO  24-03-24 16:18:24[main] [RepositoryConfigurationDelegate:208] - Finished Spring Data repository scanning in 234 ms. Found 1 JPA repository interface.
INFO  24-03-24 16:18:24[main] [RepositoryConfigurationDelegate:292] - Multiple Spring Data modules found, entering strict repository configuration mode
INFO  24-03-24 16:18:24[main] [RepositoryConfigurationDelegate:139] - Bootstrapping Spring Data Redis repositories in DEFAULT mode.
INFO  24-03-24 16:18:25[main] [RepositoryConfigurationExtensionSupport:320] - Spring Data Redis - Could not safely identify store assignment for repository candidate interface Hoseo.GraduationProject.Member.Repository.MemberRepository; If you want this repository to be a Redis repository, consider annotating your entities with one of these annotations: org.springframework.data.redis.core.RedisHash (preferred), or consider extending one of the following types with your repository: org.springframework.data.keyvalue.repository.KeyValueRepository
INFO  24-03-24 16:18:25[main] [RepositoryConfigurationDelegate:208] - Finished Spring Data repository scanning in 17 ms. Found 0 Redis repository interfaces.
INFO  24-03-24 16:18:25[main] [TomcatWebServer:109] - Tomcat initialized with port 8080 (http)
INFO  24-03-24 16:18:25[main] [Http11NioProtocol:173] - Initializing ProtocolHandler ["http-nio-8080"]
INFO  24-03-24 16:18:25[main] [StandardService:173] - Starting service [Tomcat]
INFO  24-03-24 16:18:25[main] [StandardEngine:173] - Starting Servlet engine: [Apache Tomcat/10.1.19]
INFO  24-03-24 16:18:26[main] [[/]:173] - Initializing Spring embedded WebApplicationContext
INFO  24-03-24 16:18:26[main] [ServletWebServerApplicationContext:296] - Root WebApplicationContext: initialization completed in 2404 ms
INFO  24-03-24 16:18:26[main] [LogHelper:31] - HHH000204: Processing PersistenceUnitInfo [name: default]
INFO  24-03-24 16:18:26[main] [Version:44] - HHH000412: Hibernate ORM core version 6.4.4.Final
INFO  24-03-24 16:18:26[main] [RegionFactoryInitiator:50] - HHH000026: Second-level cache disabled
INFO  24-03-24 16:18:26[main] [SpringPersistenceUnitInfo:87] - No LoadTimeWeaver setup: ignoring JPA class transformer
INFO  24-03-24 16:18:26[main] [HikariDataSource:110] - HikariPool-1 - Starting...
INFO  24-03-24 16:18:27[main] [HikariPool:565] - HikariPool-1 - Added connection com.mysql.cj.jdbc.ConnectionImpl@713e7d9a
INFO  24-03-24 16:18:27[main] [HikariDataSource:123] - HikariPool-1 - Start completed.
WARN  24-03-24 16:18:27[main] [deprecation:153] - HHH90000025: MySQLDialect does not need to be specified explicitly using 'hibernate.dialect' (remove the property setting and it will be selected by default)
INFO  24-03-24 16:18:28[main] [JtaPlatformInitiator:58] - HHH000489: No JTA platform available (set 'hibernate.transaction.jta.platform' to enable JTA platform integration)
INFO  24-03-24 16:18:28[main] [LocalContainerEntityManagerFactoryBean:437] - Initialized JPA EntityManagerFactory for persistence unit 'default'
WARN  24-03-24 16:18:29[main] [JpaBaseConfiguration$JpaWebConfiguration:232] - spring.jpa.open-in-view is enabled by default. Therefore, database queries may be performed during view rendering. Explicitly configure spring.jpa.open-in-view to disable this warning
INFO  24-03-24 16:18:29[main] [DefaultSecurityFilterChain:54] - Will secure any request with [org.springframework.security.web.session.DisableEncodeUrlFilter@6138ee0e, org.springframework.security.web.context.request.async.WebAsyncManagerIntegrationFilter@2c40e456, org.springframework.security.web.context.SecurityContextHolderFilter@77e4ffe5, org.springframework.security.web.header.HeaderWriterFilter@5e7fc012, org.springframework.web.filter.CorsFilter@2df40273, Hoseo.GraduationProject.Security.Logout.CustomLogoutFilter@49467fc6, org.springframework.security.web.authentication.logout.LogoutFilter@5c7876e1, Hoseo.GraduationProject.Security.JWT.JWTFilter@6f28a07e, Hoseo.GraduationProject.Security.JWT.LoginFilter@44e19b99, org.springframework.security.web.savedrequest.RequestCacheAwareFilter@4c663fda, org.springframework.security.web.servletapi.SecurityContextHolderAwareRequestFilter@f1d5f3, org.springframework.security.web.authentication.AnonymousAuthenticationFilter@498bfeec, org.springframework.security.web.session.SessionManagementFilter@445d4517, org.springframework.security.web.access.ExceptionTranslationFilter@5d7f4cbb, org.springframework.security.web.access.intercept.AuthorizationFilter@332fc35c]
INFO  24-03-24 16:18:30[main] [Http11NioProtocol:173] - Starting ProtocolHandler ["http-nio-8080"]
INFO  24-03-24 16:18:30[main] [TomcatWebServer:241] - Tomcat started on port 8080 (http) with context path ''
INFO  24-03-24 16:18:30[main] [GraduationProjectApplication:56] - Started GraduationProjectApplication in 7.21 seconds (process running for 7.705)
INFO  24-03-24 16:18:32[http-nio-8080-exec-2] [[/]:173] - Initializing Spring DispatcherServlet 'dispatcherServlet'
INFO  24-03-24 16:18:32[http-nio-8080-exec-2] [DispatcherServlet:532] - Initializing Servlet 'dispatcherServlet'
INFO  24-03-24 16:18:32[http-nio-8080-exec-2] [DispatcherServlet:554] - Completed initialization in 1 ms
ERROR 24-03-24 16:18:32[http-nio-8080-exec-2] [LoginFilter:120] - ID는 6자리 또는 8자리이어야 합니다.
INFO  24-03-24 16:21:27[SpringApplicationShutdownHook] [LocalContainerEntityManagerFactoryBean:650] - Closing JPA EntityManagerFactory for persistence unit 'default'
INFO  24-03-24 16:21:27[SpringApplicationShutdownHook] [HikariDataSource:350] - HikariPool-1 - Shutdown initiated...
INFO  24-03-24 16:21:27[SpringApplicationShutdownHook] [HikariDataSource:352] - HikariPool-1 - Shutdown completed.
